Copyright 1986-2018 Xilinx, Inc. All Rights Reserved.
---------------------------------------------------------------------------------------------------------------------------------------
| Tool Version : Vivado v.2018.2 (win64) Build 2258646 Thu Jun 14 20:03:12 MDT 2018
| Date         : Wed Mar 27 11:20:43 2019
| Host         : DESKTOP-BP5JPAP running 64-bit major release  (build 9200)
| Command      : report_drc -file design_1_wrapper_drc_opted.rpt -pb design_1_wrapper_drc_opted.pb -rpx design_1_wrapper_drc_opted.rpx
| Design       : design_1_wrapper
| Device       : xc7z007sclg400-1
| Speed File   : -1
| Design State : Synthesized
---------------------------------------------------------------------------------------------------------------------------------------

Report DRC

Table of Contents
-----------------
1. REPORT SUMMARY
2. REPORT DETAILS

1. REPORT SUMMARY
-----------------
            Netlist: netlist
          Floorplan: design_1
      Design limits: <entire design considered>
           Ruledeck: default
             Max violations: <unlimited>
             Violations found: 1
+-------------+----------+-------------------------------------------------------------+------------+
| Rule        | Severity | Description                                                 | Violations |
+-------------+----------+-------------------------------------------------------------+------------+
| PLHOLDVIO-2 | Warning  | Non-Optimal connections which could lead to hold violations | 1          |
+-------------+----------+-------------------------------------------------------------+------------+

2. REPORT DETAILS
-----------------
PLHOLDVIO-2#1 Warning
Non-Optimal connections which could lead to hold violations  
A LUT design_1_i/myip_0/inst/risc_v/TIMER/cnt[63]_i_2 is driving clock pin of 64 cells. This could lead to large hold time violations. First few involved cells are:
    design_1_i/myip_0/inst/risc_v/TIMER/cnt_reg[0] {FDRE}
    design_1_i/myip_0/inst/risc_v/TIMER/cnt_reg[10] {FDRE}
    design_1_i/myip_0/inst/risc_v/TIMER/cnt_reg[11] {FDRE}
    design_1_i/myip_0/inst/risc_v/TIMER/cnt_reg[12] {FDRE}
    design_1_i/myip_0/inst/risc_v/TIMER/cnt_reg[13] {FDRE}
    design_1_i/myip_0/inst/risc_v/TIMER/cnt_reg[14] {FDRE}
    design_1_i/myip_0/inst/risc_v/TIMER/cnt_reg[15] {FDRE}
    design_1_i/myip_0/inst/risc_v/TIMER/cnt_reg[16] {FDRE}
    design_1_i/myip_0/inst/risc_v/TIMER/cnt_reg[17] {FDRE}

Related violations: <none>


