#-----------------------------------------------------------
# Vivado v2018.2 (64-bit)
# SW Build 2258646 on Thu Jun 14 20:03:12 MDT 2018
# IP Build 2256618 on Thu Jun 14 22:10:49 MDT 2018
# Start of session at: Thu Apr 25 17:52:42 2019
# Process ID: 7576
# Current directory: D:/Altele/Digilent/Workspace/Risc-V_onSteroids
# Command line: vivado.exe -gui_launcher_event rodinguilauncherevent10908 D:\Altele\Digilent\Workspace\Risc-V_onSteroids\Risc-V_onSteroids.xpr
# Log file: D:/Altele/Digilent/Workspace/Risc-V_onSteroids/vivado.log
# Journal file: D:/Altele/Digilent/Workspace/Risc-V_onSteroids\vivado.jou
#-----------------------------------------------------------
start_gui
open_project D:/Altele/Digilent/Workspace/Risc-V_onSteroids/Risc-V_onSteroids.xpr
INFO: [Project 1-313] Project file moved from 'D:/Altele/Digilent/digilent/Risc-V_onSteroids' since last save.
Scanning sources...
Finished scanning sources
INFO: [IP_Flow 19-234] Refreshing IP repositories
INFO: [IP_Flow 19-1700] Loaded user IP repository 'd:/Altele/Digilent/Workspace/xilinx.com_user_myip_1.0'.
INFO: [IP_Flow 19-2313] Loaded Vivado IP repository 'C:/Xilinx/Vivado/2018.2/data/ip'.
open_project: Time (s): cpu = 00:00:18 ; elapsed = 00:00:20 . Memory (MB): peak = 793.387 ; gain = 136.402
update_compile_order -fileset sources_1
open_bd_design {D:/Altele/Digilent/Workspace/Risc-V_onSteroids/Risc-V_onSteroids.srcs/sources_1/bd/design_1/design_1.bd}
Adding cell -- xilinx.com:ip:processing_system7:5.5 - processing_system7_0
Adding cell -- xilinx.com:ip:proc_sys_reset:5.0 - proc_sys_reset_0
Adding cell -- xilinx.com:ip:smartconnect:1.0 - smartconnect_0
Adding cell -- xilinx.com:user:myip:1.0 - myip_0
Adding cell -- xilinx.com:ip:clk_wiz:6.0 - clk_wiz_0
WARNING: [BD 41-1731] Type mismatch between connected pins: /clk_wiz_0/clk_out1(clk) and /myip_0/riscv_clk(undef)
Successfully read diagram <design_1> from BD file <D:/Altele/Digilent/Workspace/Risc-V_onSteroids/Risc-V_onSteroids.srcs/sources_1/bd/design_1/design_1.bd>
open_bd_design: Time (s): cpu = 00:00:11 ; elapsed = 00:00:11 . Memory (MB): peak = 890.879 ; gain = 95.613
exit
INFO: [Common 17-206] Exiting Vivado at Thu Apr 25 17:55:37 2019...
