16:19:50 INFO  : Registering command handlers for SDK TCF services
16:19:51 INFO  : Launching XSCT server: xsct.bat -interactive D:\Programare\Digilent\Risc-V_onSteroids\Risc-V_onSteroids.sdk\temp_xsdb_launch_script.tcl
16:19:55 INFO  : XSCT server has started successfully.
16:19:58 INFO  : Successfully done setting XSCT server connection channel  
16:19:58 INFO  : Processing command line option -hwspec D:/Programare/Digilent/Risc-V_onSteroids/Risc-V_onSteroids.sdk/design_1_wrapper.hdf.
16:19:58 INFO  : Successfully done setting SDK workspace  
16:22:37 INFO  : Registering command handlers for SDK TCF services
16:22:38 INFO  : Launching XSCT server: xsct.bat -interactive D:\Programare\Digilent\Risc-V_onSteroids\Risc-V_onSteroids.sdk\temp_xsdb_launch_script.tcl
16:22:41 INFO  : XSCT server has started successfully.
16:22:41 INFO  : Processing command line option -hwspec D:/Programare/Digilent/Risc-V_onSteroids/Risc-V_onSteroids.sdk/design_1_wrapper.hdf.
16:22:41 INFO  : Successfully done setting XSCT server connection channel  
16:22:42 INFO  : Checking for hwspec changes in the project design_1_wrapper_hw_platform_0.
16:22:45 INFO  : Successfully done setting SDK workspace  
16:25:12 INFO  : Launching XSCT server: xsct.bat -interactive D:\Programare\Digilent\Risc-V_onSteroids\Risc-V_onSteroids.sdk\temp_xsdb_launch_script.tcl
16:25:14 INFO  : XSCT server has started successfully.
16:25:14 INFO  : Successfully done setting XSCT server connection channel  
16:25:15 INFO  : Successfully done setting SDK workspace  
16:25:19 INFO  : Registering command handlers for SDK TCF services
16:25:19 INFO  : Processing command line option -hwspec D:/Programare/Digilent/Risc-V_onSteroids/Risc-V_onSteroids.sdk/design_1_wrapper.hdf.
16:25:20 INFO  : Checking for hwspec changes in the project design_1_wrapper_hw_platform_0.
16:27:13 INFO  : Connected to target on host '127.0.0.1' and port '3121'.
16:27:15 INFO  : 'targets -set -filter {jtag_cable_name =~ "Digilent Cora Z7 - 7007S 210370A92DAEA" && level==0} -index 1' command is executed.
16:27:17 INFO  : FPGA configured successfully with bitstream "D:/Programare/Digilent/Risc-V_onSteroids/Risc-V_onSteroids.sdk/design_1_wrapper_hw_platform_0/design_1_wrapper.bit"
16:27:38 INFO  : 'targets -set -filter {jtag_cable_name =~ "Digilent Cora Z7 - 7007S 210370A92DAEA" && level==0} -index 1' command is executed.
16:27:38 INFO  : 'fpga -state' command is executed.
16:27:38 INFO  : Connected to target on host '127.0.0.1' and port '3121'.
16:27:39 INFO  : Jtag cable 'Digilent Cora Z7 - 7007S 210370A92DAEA' is selected.
16:27:39 INFO  : 'jtag frequency' command is executed.
16:27:39 INFO  : Sourcing of 'D:/Programare/Digilent/Risc-V_onSteroids/Risc-V_onSteroids.sdk/design_1_wrapper_hw_platform_0/ps7_init.tcl' is done.
16:27:39 INFO  : Context for 'APU' is selected.
16:27:39 INFO  : Hardware design information is loaded from 'D:/Programare/Digilent/Risc-V_onSteroids/Risc-V_onSteroids.sdk/design_1_wrapper_hw_platform_0/system.hdf'.
16:27:39 INFO  : 'configparams force-mem-access 1' command is executed.
16:27:39 INFO  : Context for 'APU' is selected.
16:27:39 INFO  : 'stop' command is executed.
16:27:39 INFO  : 'ps7_init' command is executed.
16:27:39 INFO  : 'ps7_post_config' command is executed.
16:27:39 INFO  : Context for processor 'ps7_cortexa9_0' is selected.
16:27:40 INFO  : Processor reset is completed for 'ps7_cortexa9_0'.
16:27:40 INFO  : Context for processor 'ps7_cortexa9_0' is selected.
16:27:40 INFO  : The application 'D:/Programare/Digilent/Risc-V_onSteroids/Risc-V_onSteroids.sdk/riscV_loder/Release/riscV_loder.elf' is downloaded to processor 'ps7_cortexa9_0'.
16:27:40 INFO  : 'configparams force-mem-access 0' command is executed.
16:27:40 INFO  : ----------------XSDB Script----------------
connect -url tcp:127.0.0.1:3121
source D:/Programare/Digilent/Risc-V_onSteroids/Risc-V_onSteroids.sdk/design_1_wrapper_hw_platform_0/ps7_init.tcl
targets -set -nocase -filter {name =~"APU*" && jtag_cable_name =~ "Digilent Cora Z7 - 7007S 210370A92DAEA"} -index 0
loadhw -hw D:/Programare/Digilent/Risc-V_onSteroids/Risc-V_onSteroids.sdk/design_1_wrapper_hw_platform_0/system.hdf -mem-ranges [list {0x40000000 0xbfffffff}]
configparams force-mem-access 1
targets -set -nocase -filter {name =~"APU*" && jtag_cable_name =~ "Digilent Cora Z7 - 7007S 210370A92DAEA"} -index 0
stop
ps7_init
ps7_post_config
targets -set -nocase -filter {name =~ "ARM*#0" && jtag_cable_name =~ "Digilent Cora Z7 - 7007S 210370A92DAEA"} -index 0
rst -processor
targets -set -nocase -filter {name =~ "ARM*#0" && jtag_cable_name =~ "Digilent Cora Z7 - 7007S 210370A92DAEA"} -index 0
dow D:/Programare/Digilent/Risc-V_onSteroids/Risc-V_onSteroids.sdk/riscV_loder/Release/riscV_loder.elf
configparams force-mem-access 0
----------------End of Script----------------

16:27:40 INFO  : Memory regions updated for context APU
16:27:40 INFO  : Context for processor 'ps7_cortexa9_0' is selected.
16:27:40 INFO  : 'con' command is executed.
16:27:40 INFO  : ----------------XSDB Script (After Launch)----------------
targets -set -nocase -filter {name =~ "ARM*#0" && jtag_cable_name =~ "Digilent Cora Z7 - 7007S 210370A92DAEA"} -index 0
con
----------------End of Script----------------

16:27:40 INFO  : Launch script is exported to file 'D:\Programare\Digilent\Risc-V_onSteroids\Risc-V_onSteroids.sdk\.sdk\launch_scripts\xilinx_c-c++_application_(system_debugger)\system_debugger_using_release_riscv_loder.elf_on_local.tcl'
16:30:43 INFO  : Disconnected from the channel tcfchan#1.
12:21:25 INFO  : Launching XSCT server: xsct.bat -interactive D:\Programare\Digilent\Risc-V_onSteroids\Risc-V_onSteroids.sdk\temp_xsdb_launch_script.tcl
12:21:28 INFO  : XSCT server has started successfully.
12:21:31 INFO  : Successfully done setting XSCT server connection channel  
12:21:31 INFO  : Successfully done setting SDK workspace  
12:21:38 INFO  : Registering command handlers for SDK TCF services
12:21:38 INFO  : Processing command line option -hwspec D:/Programare/Digilent/Risc-V_onSteroids/Risc-V_onSteroids.sdk/design_1_wrapper.hdf.
12:21:39 INFO  : Checking for hwspec changes in the project design_1_wrapper_hw_platform_0.
12:21:46 INFO  : Connected to target on host '127.0.0.1' and port '3121'.
12:21:48 INFO  : 'targets -set -filter {jtag_cable_name =~ "Digilent Cora Z7 - 7007S 210370A92DAEA" && level==0} -index 1' command is executed.
12:21:50 INFO  : FPGA configured successfully with bitstream "D:/Programare/Digilent/Risc-V_onSteroids/Risc-V_onSteroids.sdk/design_1_wrapper_hw_platform_0/design_1_wrapper.bit"
12:22:07 INFO  : 'targets -set -filter {jtag_cable_name =~ "Digilent Cora Z7 - 7007S 210370A92DAEA" && level==0} -index 1' command is executed.
12:22:07 INFO  : 'fpga -state' command is executed.
12:22:07 INFO  : Connected to target on host '127.0.0.1' and port '3121'.
12:22:07 INFO  : Jtag cable 'Digilent Cora Z7 - 7007S 210370A92DAEA' is selected.
12:22:07 INFO  : 'jtag frequency' command is executed.
12:22:07 INFO  : Sourcing of 'D:/Programare/Digilent/Risc-V_onSteroids/Risc-V_onSteroids.sdk/design_1_wrapper_hw_platform_0/ps7_init.tcl' is done.
12:22:07 INFO  : Context for 'APU' is selected.
12:22:07 INFO  : Hardware design information is loaded from 'D:/Programare/Digilent/Risc-V_onSteroids/Risc-V_onSteroids.sdk/design_1_wrapper_hw_platform_0/system.hdf'.
12:22:07 INFO  : 'configparams force-mem-access 1' command is executed.
12:22:07 INFO  : Context for 'APU' is selected.
12:22:07 INFO  : 'stop' command is executed.
12:22:08 INFO  : 'ps7_init' command is executed.
12:22:08 INFO  : 'ps7_post_config' command is executed.
12:22:08 INFO  : Context for processor 'ps7_cortexa9_0' is selected.
12:22:08 INFO  : Processor reset is completed for 'ps7_cortexa9_0'.
12:22:08 INFO  : Context for processor 'ps7_cortexa9_0' is selected.
12:22:08 INFO  : The application 'D:/Programare/Digilent/Risc-V_onSteroids/Risc-V_onSteroids.sdk/riscV_loder/Release/riscV_loder.elf' is downloaded to processor 'ps7_cortexa9_0'.
12:22:08 INFO  : 'configparams force-mem-access 0' command is executed.
12:22:08 INFO  : ----------------XSDB Script----------------
connect -url tcp:127.0.0.1:3121
source D:/Programare/Digilent/Risc-V_onSteroids/Risc-V_onSteroids.sdk/design_1_wrapper_hw_platform_0/ps7_init.tcl
targets -set -nocase -filter {name =~"APU*" && jtag_cable_name =~ "Digilent Cora Z7 - 7007S 210370A92DAEA"} -index 0
loadhw -hw D:/Programare/Digilent/Risc-V_onSteroids/Risc-V_onSteroids.sdk/design_1_wrapper_hw_platform_0/system.hdf -mem-ranges [list {0x40000000 0xbfffffff}]
configparams force-mem-access 1
targets -set -nocase -filter {name =~"APU*" && jtag_cable_name =~ "Digilent Cora Z7 - 7007S 210370A92DAEA"} -index 0
stop
ps7_init
ps7_post_config
targets -set -nocase -filter {name =~ "ARM*#0" && jtag_cable_name =~ "Digilent Cora Z7 - 7007S 210370A92DAEA"} -index 0
rst -processor
targets -set -nocase -filter {name =~ "ARM*#0" && jtag_cable_name =~ "Digilent Cora Z7 - 7007S 210370A92DAEA"} -index 0
dow D:/Programare/Digilent/Risc-V_onSteroids/Risc-V_onSteroids.sdk/riscV_loder/Release/riscV_loder.elf
configparams force-mem-access 0
----------------End of Script----------------

12:22:08 INFO  : Memory regions updated for context APU
12:22:08 INFO  : Context for processor 'ps7_cortexa9_0' is selected.
12:22:08 INFO  : 'con' command is executed.
12:22:08 INFO  : ----------------XSDB Script (After Launch)----------------
targets -set -nocase -filter {name =~ "ARM*#0" && jtag_cable_name =~ "Digilent Cora Z7 - 7007S 210370A92DAEA"} -index 0
con
----------------End of Script----------------

12:22:08 INFO  : Launch script is exported to file 'D:\Programare\Digilent\Risc-V_onSteroids\Risc-V_onSteroids.sdk\.sdk\launch_scripts\xilinx_c-c++_application_(system_debugger)\system_debugger_using_release_riscv_loder.elf_on_local.tcl'
12:25:35 INFO  : Connected to target on host '127.0.0.1' and port '3121'.
12:25:35 INFO  : 'targets -set -filter {jtag_cable_name =~ "Digilent Cora Z7 - 7007S 210370A92DAEA" && level==0} -index 1' command is executed.
12:25:36 INFO  : FPGA configured successfully with bitstream "D:/Programare/Digilent/Risc-V_onSteroids/Risc-V_onSteroids.sdk/design_1_wrapper_hw_platform_0/design_1_wrapper.bit"
12:31:51 INFO  : Disconnected from the channel tcfchan#1.
12:31:52 INFO  : 'targets -set -filter {jtag_cable_name =~ "Digilent Cora Z7 - 7007S 210370A92DAEA" && level==0} -index 1' command is executed.
12:31:52 INFO  : 'fpga -state' command is executed.
12:31:52 INFO  : Connected to target on host '127.0.0.1' and port '3121'.
12:31:52 INFO  : Jtag cable 'Digilent Cora Z7 - 7007S 210370A92DAEA' is selected.
12:31:52 INFO  : 'jtag frequency' command is executed.
12:31:52 INFO  : Sourcing of 'D:/Programare/Digilent/Risc-V_onSteroids/Risc-V_onSteroids.sdk/design_1_wrapper_hw_platform_0/ps7_init.tcl' is done.
12:31:52 INFO  : Context for 'APU' is selected.
12:31:54 INFO  : Hardware design information is loaded from 'D:/Programare/Digilent/Risc-V_onSteroids/Risc-V_onSteroids.sdk/design_1_wrapper_hw_platform_0/system.hdf'.
12:31:54 INFO  : 'configparams force-mem-access 1' command is executed.
12:31:54 INFO  : Context for 'APU' is selected.
12:31:55 INFO  : 'stop' command is executed.
12:31:55 INFO  : 'ps7_init' command is executed.
12:31:55 INFO  : 'ps7_post_config' command is executed.
12:31:55 INFO  : Context for processor 'ps7_cortexa9_0' is selected.
12:31:55 INFO  : Processor reset is completed for 'ps7_cortexa9_0'.
12:31:55 INFO  : Context for processor 'ps7_cortexa9_0' is selected.
12:31:55 INFO  : The application 'D:/Programare/Digilent/Risc-V_onSteroids/Risc-V_onSteroids.sdk/riscV_loder/Release/riscV_loder.elf' is downloaded to processor 'ps7_cortexa9_0'.
12:31:55 INFO  : 'configparams force-mem-access 0' command is executed.
12:31:55 INFO  : ----------------XSDB Script----------------
connect -url tcp:127.0.0.1:3121
source D:/Programare/Digilent/Risc-V_onSteroids/Risc-V_onSteroids.sdk/design_1_wrapper_hw_platform_0/ps7_init.tcl
targets -set -nocase -filter {name =~"APU*" && jtag_cable_name =~ "Digilent Cora Z7 - 7007S 210370A92DAEA"} -index 0
loadhw -hw D:/Programare/Digilent/Risc-V_onSteroids/Risc-V_onSteroids.sdk/design_1_wrapper_hw_platform_0/system.hdf -mem-ranges [list {0x40000000 0xbfffffff}]
configparams force-mem-access 1
targets -set -nocase -filter {name =~"APU*" && jtag_cable_name =~ "Digilent Cora Z7 - 7007S 210370A92DAEA"} -index 0
stop
ps7_init
ps7_post_config
targets -set -nocase -filter {name =~ "ARM*#0" && jtag_cable_name =~ "Digilent Cora Z7 - 7007S 210370A92DAEA"} -index 0
rst -processor
targets -set -nocase -filter {name =~ "ARM*#0" && jtag_cable_name =~ "Digilent Cora Z7 - 7007S 210370A92DAEA"} -index 0
dow D:/Programare/Digilent/Risc-V_onSteroids/Risc-V_onSteroids.sdk/riscV_loder/Release/riscV_loder.elf
configparams force-mem-access 0
----------------End of Script----------------

12:31:55 INFO  : Memory regions updated for context APU
12:31:55 INFO  : Context for processor 'ps7_cortexa9_0' is selected.
12:31:56 INFO  : 'con' command is executed.
12:31:56 INFO  : ----------------XSDB Script (After Launch)----------------
targets -set -nocase -filter {name =~ "ARM*#0" && jtag_cable_name =~ "Digilent Cora Z7 - 7007S 210370A92DAEA"} -index 0
con
----------------End of Script----------------

12:31:56 INFO  : Launch script is exported to file 'D:\Programare\Digilent\Risc-V_onSteroids\Risc-V_onSteroids.sdk\.sdk\launch_scripts\xilinx_c-c++_application_(system_debugger)\system_debugger_using_release_riscv_loder.elf_on_local.tcl'
12:49:26 INFO  : Disconnected from the channel tcfchan#2.
12:49:28 INFO  : 'targets -set -filter {jtag_cable_name =~ "Digilent Cora Z7 - 7007S 210370A92DAEA" && level==0} -index 1' command is executed.
12:49:28 INFO  : 'fpga -state' command is executed.
12:49:28 INFO  : Connected to target on host '127.0.0.1' and port '3121'.
12:49:28 INFO  : Jtag cable 'Digilent Cora Z7 - 7007S 210370A92DAEA' is selected.
12:49:28 INFO  : 'jtag frequency' command is executed.
12:49:28 INFO  : Sourcing of 'D:/Programare/Digilent/Risc-V_onSteroids/Risc-V_onSteroids.sdk/design_1_wrapper_hw_platform_0/ps7_init.tcl' is done.
12:49:28 INFO  : Context for 'APU' is selected.
12:49:30 INFO  : Hardware design information is loaded from 'D:/Programare/Digilent/Risc-V_onSteroids/Risc-V_onSteroids.sdk/design_1_wrapper_hw_platform_0/system.hdf'.
12:49:30 INFO  : 'configparams force-mem-access 1' command is executed.
12:49:30 INFO  : Context for 'APU' is selected.
12:49:30 INFO  : 'stop' command is executed.
12:49:31 INFO  : 'ps7_init' command is executed.
12:49:31 INFO  : 'ps7_post_config' command is executed.
12:49:31 INFO  : Context for processor 'ps7_cortexa9_0' is selected.
12:49:31 INFO  : Processor reset is completed for 'ps7_cortexa9_0'.
12:49:31 INFO  : Context for processor 'ps7_cortexa9_0' is selected.
12:49:31 INFO  : The application 'D:/Programare/Digilent/Risc-V_onSteroids/Risc-V_onSteroids.sdk/riscV_loder/Release/riscV_loder.elf' is downloaded to processor 'ps7_cortexa9_0'.
12:49:31 INFO  : 'configparams force-mem-access 0' command is executed.
12:49:31 INFO  : ----------------XSDB Script----------------
connect -url tcp:127.0.0.1:3121
source D:/Programare/Digilent/Risc-V_onSteroids/Risc-V_onSteroids.sdk/design_1_wrapper_hw_platform_0/ps7_init.tcl
targets -set -nocase -filter {name =~"APU*" && jtag_cable_name =~ "Digilent Cora Z7 - 7007S 210370A92DAEA"} -index 0
loadhw -hw D:/Programare/Digilent/Risc-V_onSteroids/Risc-V_onSteroids.sdk/design_1_wrapper_hw_platform_0/system.hdf -mem-ranges [list {0x40000000 0xbfffffff}]
configparams force-mem-access 1
targets -set -nocase -filter {name =~"APU*" && jtag_cable_name =~ "Digilent Cora Z7 - 7007S 210370A92DAEA"} -index 0
stop
ps7_init
ps7_post_config
targets -set -nocase -filter {name =~ "ARM*#0" && jtag_cable_name =~ "Digilent Cora Z7 - 7007S 210370A92DAEA"} -index 0
rst -processor
targets -set -nocase -filter {name =~ "ARM*#0" && jtag_cable_name =~ "Digilent Cora Z7 - 7007S 210370A92DAEA"} -index 0
dow D:/Programare/Digilent/Risc-V_onSteroids/Risc-V_onSteroids.sdk/riscV_loder/Release/riscV_loder.elf
configparams force-mem-access 0
----------------End of Script----------------

12:49:31 INFO  : Memory regions updated for context APU
12:49:31 INFO  : Context for processor 'ps7_cortexa9_0' is selected.
12:49:31 INFO  : 'con' command is executed.
12:49:31 INFO  : ----------------XSDB Script (After Launch)----------------
targets -set -nocase -filter {name =~ "ARM*#0" && jtag_cable_name =~ "Digilent Cora Z7 - 7007S 210370A92DAEA"} -index 0
con
----------------End of Script----------------

12:49:31 INFO  : Launch script is exported to file 'D:\Programare\Digilent\Risc-V_onSteroids\Risc-V_onSteroids.sdk\.sdk\launch_scripts\xilinx_c-c++_application_(system_debugger)\system_debugger_using_release_riscv_loder.elf_on_local.tcl'
13:54:15 INFO  : Disconnected from the channel tcfchan#3.
10:00:36 INFO  : Launching XSCT server: xsct.bat -interactive D:\Programare\Digilent\Risc-V_onSteroids\Risc-V_onSteroids.sdk\temp_xsdb_launch_script.tcl
10:00:39 INFO  : XSCT server has started successfully.
10:00:39 INFO  : Successfully done setting XSCT server connection channel  
10:00:41 INFO  : Successfully done setting SDK workspace  
10:00:49 INFO  : Registering command handlers for SDK TCF services
10:00:49 INFO  : Processing command line option -hwspec D:/Programare/Digilent/Risc-V_onSteroids/Risc-V_onSteroids.sdk/design_1_wrapper.hdf.
10:00:49 INFO  : Checking for hwspec changes in the project design_1_wrapper_hw_platform_0.
10:00:49 INFO  : SDK has detected change in the last modified timestamps for source hardware specification file Source:1553673496157,  Project:1553523507066
10:00:49 INFO  : The hardware specification for project 'design_1_wrapper_hw_platform_0' is different from D:/Programare/Digilent/Risc-V_onSteroids/Risc-V_onSteroids.sdk/design_1_wrapper.hdf.
10:00:50 INFO  : Copied contents of D:/Programare/Digilent/Risc-V_onSteroids/Risc-V_onSteroids.sdk/design_1_wrapper.hdf into \design_1_wrapper_hw_platform_0\system.hdf.
10:01:00 INFO  : Synchronizing projects in the workspace with the hardware platform specification changes.
10:01:05 INFO  : 
10:01:08 INFO  : 
10:01:09 INFO  : Updating hardware inferred compiler options for first_stage_bootloader.
10:01:10 INFO  : Updating hardware inferred compiler options for riscV_loder.
10:01:10 INFO  : Clearing existing target manager status.
10:01:10 INFO  : Closing and re-opening the MSS file of ther project riscV_loder_bsp
10:01:11 INFO  : Workspace synchronized with the new hardware specification file. Cleaning dependent projects...
10:01:15 WARN  : Linker script will not be updated automatically. Users need to update it manually.
10:05:34 INFO  : Connected to target on host '127.0.0.1' and port '3121'.
10:05:36 INFO  : 'targets -set -filter {jtag_cable_name =~ "Digilent Cora Z7 - 7007S 210370A92DAEA" && level==0} -index 1' command is executed.
10:05:37 INFO  : FPGA configured successfully with bitstream "D:/Programare/Digilent/Risc-V_onSteroids/Risc-V_onSteroids.sdk/design_1_wrapper_hw_platform_0/design_1_wrapper.bit"
10:05:45 INFO  : 'targets -set -filter {jtag_cable_name =~ "Digilent Cora Z7 - 7007S 210370A92DAEA" && level==0} -index 1' command is executed.
10:05:45 INFO  : 'fpga -state' command is executed.
10:05:45 INFO  : Connected to target on host '127.0.0.1' and port '3121'.
10:05:46 INFO  : Jtag cable 'Digilent Cora Z7 - 7007S 210370A92DAEA' is selected.
10:05:46 INFO  : 'jtag frequency' command is executed.
10:05:46 INFO  : Sourcing of 'D:/Programare/Digilent/Risc-V_onSteroids/Risc-V_onSteroids.sdk/design_1_wrapper_hw_platform_0/ps7_init.tcl' is done.
10:05:46 INFO  : Context for 'APU' is selected.
10:05:46 INFO  : Hardware design information is loaded from 'D:/Programare/Digilent/Risc-V_onSteroids/Risc-V_onSteroids.sdk/design_1_wrapper_hw_platform_0/system.hdf'.
10:05:46 INFO  : 'configparams force-mem-access 1' command is executed.
10:05:46 INFO  : Context for 'APU' is selected.
10:05:46 INFO  : 'stop' command is executed.
10:05:46 INFO  : 'ps7_init' command is executed.
10:05:46 INFO  : 'ps7_post_config' command is executed.
10:05:46 INFO  : Context for processor 'ps7_cortexa9_0' is selected.
10:05:46 INFO  : Processor reset is completed for 'ps7_cortexa9_0'.
10:05:46 INFO  : Context for processor 'ps7_cortexa9_0' is selected.
10:05:47 INFO  : The application 'D:/Programare/Digilent/Risc-V_onSteroids/Risc-V_onSteroids.sdk/riscV_loder/Release/riscV_loder.elf' is downloaded to processor 'ps7_cortexa9_0'.
10:05:47 INFO  : 'configparams force-mem-access 0' command is executed.
10:05:47 INFO  : ----------------XSDB Script----------------
connect -url tcp:127.0.0.1:3121
source D:/Programare/Digilent/Risc-V_onSteroids/Risc-V_onSteroids.sdk/design_1_wrapper_hw_platform_0/ps7_init.tcl
targets -set -nocase -filter {name =~"APU*" && jtag_cable_name =~ "Digilent Cora Z7 - 7007S 210370A92DAEA"} -index 0
loadhw -hw D:/Programare/Digilent/Risc-V_onSteroids/Risc-V_onSteroids.sdk/design_1_wrapper_hw_platform_0/system.hdf -mem-ranges [list {0x40000000 0xbfffffff}]
configparams force-mem-access 1
targets -set -nocase -filter {name =~"APU*" && jtag_cable_name =~ "Digilent Cora Z7 - 7007S 210370A92DAEA"} -index 0
stop
ps7_init
ps7_post_config
targets -set -nocase -filter {name =~ "ARM*#0" && jtag_cable_name =~ "Digilent Cora Z7 - 7007S 210370A92DAEA"} -index 0
rst -processor
targets -set -nocase -filter {name =~ "ARM*#0" && jtag_cable_name =~ "Digilent Cora Z7 - 7007S 210370A92DAEA"} -index 0
dow D:/Programare/Digilent/Risc-V_onSteroids/Risc-V_onSteroids.sdk/riscV_loder/Release/riscV_loder.elf
configparams force-mem-access 0
----------------End of Script----------------

10:05:47 INFO  : Memory regions updated for context APU
10:05:47 INFO  : Context for processor 'ps7_cortexa9_0' is selected.
10:05:47 INFO  : 'con' command is executed.
10:05:47 INFO  : ----------------XSDB Script (After Launch)----------------
targets -set -nocase -filter {name =~ "ARM*#0" && jtag_cable_name =~ "Digilent Cora Z7 - 7007S 210370A92DAEA"} -index 0
con
----------------End of Script----------------

10:05:47 INFO  : Launch script is exported to file 'D:\Programare\Digilent\Risc-V_onSteroids\Risc-V_onSteroids.sdk\.sdk\launch_scripts\xilinx_c-c++_application_(system_debugger)\system_debugger_using_release_riscv_loder.elf_on_local.tcl'
10:16:42 INFO  : Disconnected from the channel tcfchan#1.
11:28:11 INFO  : Launching XSCT server: xsct.bat -interactive D:\Programare\Digilent\Risc-V_onSteroids\Risc-V_onSteroids.sdk\temp_xsdb_launch_script.tcl
11:28:14 INFO  : XSCT server has started successfully.
11:28:14 INFO  : Successfully done setting XSCT server connection channel  
11:28:16 INFO  : Successfully done setting SDK workspace  
11:28:23 INFO  : Registering command handlers for SDK TCF services
11:28:23 INFO  : Processing command line option -hwspec D:/Programare/Digilent/Risc-V_onSteroids/Risc-V_onSteroids.sdk/design_1_wrapper.hdf.
11:28:24 INFO  : Checking for hwspec changes in the project design_1_wrapper_hw_platform_0.
11:28:24 INFO  : SDK has detected change in the last modified timestamps for source hardware specification file Source:1553678623037,  Project:1553673496157
11:28:24 INFO  : The hardware specification for project 'design_1_wrapper_hw_platform_0' is different from D:/Programare/Digilent/Risc-V_onSteroids/Risc-V_onSteroids.sdk/design_1_wrapper.hdf.
11:28:25 INFO  : Copied contents of D:/Programare/Digilent/Risc-V_onSteroids/Risc-V_onSteroids.sdk/design_1_wrapper.hdf into \design_1_wrapper_hw_platform_0\system.hdf.
11:28:33 INFO  : Synchronizing projects in the workspace with the hardware platform specification changes.
11:28:38 INFO  : 
11:28:40 INFO  : 
11:28:41 INFO  : Updating hardware inferred compiler options for first_stage_bootloader.
11:28:42 INFO  : Updating hardware inferred compiler options for riscV_loder.
11:28:42 INFO  : Clearing existing target manager status.
11:28:42 INFO  : Closing and re-opening the MSS file of ther project riscV_loder_bsp
11:28:43 INFO  : Workspace synchronized with the new hardware specification file. Cleaning dependent projects...
11:28:47 WARN  : Linker script will not be updated automatically. Users need to update it manually.
11:38:41 INFO  : Connected to target on host '127.0.0.1' and port '3121'.
11:38:43 INFO  : 'targets -set -filter {jtag_cable_name =~ "Digilent Cora Z7 - 7007S 210370A92DAEA" && level==0} -index 1' command is executed.
11:38:44 INFO  : FPGA configured successfully with bitstream "D:/Programare/Digilent/Risc-V_onSteroids/Risc-V_onSteroids.sdk/design_1_wrapper_hw_platform_0/design_1_wrapper.bit"
11:38:52 INFO  : 'targets -set -filter {jtag_cable_name =~ "Digilent Cora Z7 - 7007S 210370A92DAEA" && level==0} -index 1' command is executed.
11:38:52 INFO  : 'fpga -state' command is executed.
11:38:52 INFO  : Connected to target on host '127.0.0.1' and port '3121'.
11:38:53 INFO  : Jtag cable 'Digilent Cora Z7 - 7007S 210370A92DAEA' is selected.
11:38:53 INFO  : 'jtag frequency' command is executed.
11:38:53 INFO  : Sourcing of 'D:/Programare/Digilent/Risc-V_onSteroids/Risc-V_onSteroids.sdk/design_1_wrapper_hw_platform_0/ps7_init.tcl' is done.
11:38:53 INFO  : Context for 'APU' is selected.
11:38:53 INFO  : Hardware design information is loaded from 'D:/Programare/Digilent/Risc-V_onSteroids/Risc-V_onSteroids.sdk/design_1_wrapper_hw_platform_0/system.hdf'.
11:38:53 INFO  : 'configparams force-mem-access 1' command is executed.
11:38:53 INFO  : Context for 'APU' is selected.
11:38:53 INFO  : 'stop' command is executed.
11:38:53 INFO  : 'ps7_init' command is executed.
11:38:53 INFO  : 'ps7_post_config' command is executed.
11:38:53 INFO  : Context for processor 'ps7_cortexa9_0' is selected.
11:38:53 INFO  : Processor reset is completed for 'ps7_cortexa9_0'.
11:38:53 INFO  : Context for processor 'ps7_cortexa9_0' is selected.
11:38:54 INFO  : The application 'D:/Programare/Digilent/Risc-V_onSteroids/Risc-V_onSteroids.sdk/riscV_loder/Release/riscV_loder.elf' is downloaded to processor 'ps7_cortexa9_0'.
11:38:54 INFO  : 'configparams force-mem-access 0' command is executed.
11:38:54 INFO  : ----------------XSDB Script----------------
connect -url tcp:127.0.0.1:3121
source D:/Programare/Digilent/Risc-V_onSteroids/Risc-V_onSteroids.sdk/design_1_wrapper_hw_platform_0/ps7_init.tcl
targets -set -nocase -filter {name =~"APU*" && jtag_cable_name =~ "Digilent Cora Z7 - 7007S 210370A92DAEA"} -index 0
loadhw -hw D:/Programare/Digilent/Risc-V_onSteroids/Risc-V_onSteroids.sdk/design_1_wrapper_hw_platform_0/system.hdf -mem-ranges [list {0x40000000 0xbfffffff}]
configparams force-mem-access 1
targets -set -nocase -filter {name =~"APU*" && jtag_cable_name =~ "Digilent Cora Z7 - 7007S 210370A92DAEA"} -index 0
stop
ps7_init
ps7_post_config
targets -set -nocase -filter {name =~ "ARM*#0" && jtag_cable_name =~ "Digilent Cora Z7 - 7007S 210370A92DAEA"} -index 0
rst -processor
targets -set -nocase -filter {name =~ "ARM*#0" && jtag_cable_name =~ "Digilent Cora Z7 - 7007S 210370A92DAEA"} -index 0
dow D:/Programare/Digilent/Risc-V_onSteroids/Risc-V_onSteroids.sdk/riscV_loder/Release/riscV_loder.elf
configparams force-mem-access 0
----------------End of Script----------------

11:38:54 INFO  : Memory regions updated for context APU
11:38:54 INFO  : Context for processor 'ps7_cortexa9_0' is selected.
11:38:54 INFO  : 'con' command is executed.
11:38:54 INFO  : ----------------XSDB Script (After Launch)----------------
targets -set -nocase -filter {name =~ "ARM*#0" && jtag_cable_name =~ "Digilent Cora Z7 - 7007S 210370A92DAEA"} -index 0
con
----------------End of Script----------------

11:38:54 INFO  : Launch script is exported to file 'D:\Programare\Digilent\Risc-V_onSteroids\Risc-V_onSteroids.sdk\.sdk\launch_scripts\xilinx_c-c++_application_(system_debugger)\system_debugger_using_release_riscv_loder.elf_on_local.tcl'
11:57:42 INFO  : Connected to target on host '127.0.0.1' and port '3121'.
11:57:43 INFO  : 'targets -set -filter {jtag_cable_name =~ "Digilent Cora Z7 - 7007S 210370A92DAEA" && level==0} -index 1' command is executed.
11:57:44 INFO  : FPGA configured successfully with bitstream "D:/Programare/Digilent/Risc-V_onSteroids/Risc-V_onSteroids.sdk/design_1_wrapper_hw_platform_0/design_1_wrapper.bit"
11:57:56 INFO  : Disconnected from the channel tcfchan#1.
11:57:57 INFO  : 'targets -set -filter {jtag_cable_name =~ "Digilent Cora Z7 - 7007S 210370A92DAEA" && level==0} -index 1' command is executed.
11:57:57 INFO  : 'fpga -state' command is executed.
11:57:57 INFO  : Connected to target on host '127.0.0.1' and port '3121'.
11:57:58 INFO  : Jtag cable 'Digilent Cora Z7 - 7007S 210370A92DAEA' is selected.
11:57:58 INFO  : 'jtag frequency' command is executed.
11:57:58 INFO  : Sourcing of 'D:/Programare/Digilent/Risc-V_onSteroids/Risc-V_onSteroids.sdk/design_1_wrapper_hw_platform_0/ps7_init.tcl' is done.
11:57:58 INFO  : Context for 'APU' is selected.
11:58:00 INFO  : Hardware design information is loaded from 'D:/Programare/Digilent/Risc-V_onSteroids/Risc-V_onSteroids.sdk/design_1_wrapper_hw_platform_0/system.hdf'.
11:58:00 INFO  : 'configparams force-mem-access 1' command is executed.
11:58:01 INFO  : Context for 'APU' is selected.
11:58:01 INFO  : 'stop' command is executed.
11:58:01 INFO  : 'ps7_init' command is executed.
11:58:01 INFO  : 'ps7_post_config' command is executed.
11:58:01 INFO  : Context for processor 'ps7_cortexa9_0' is selected.
11:58:01 INFO  : Processor reset is completed for 'ps7_cortexa9_0'.
11:58:01 INFO  : Context for processor 'ps7_cortexa9_0' is selected.
11:58:01 INFO  : The application 'D:/Programare/Digilent/Risc-V_onSteroids/Risc-V_onSteroids.sdk/riscV_loder/Release/riscV_loder.elf' is downloaded to processor 'ps7_cortexa9_0'.
11:58:01 INFO  : 'configparams force-mem-access 0' command is executed.
11:58:01 INFO  : ----------------XSDB Script----------------
connect -url tcp:127.0.0.1:3121
source D:/Programare/Digilent/Risc-V_onSteroids/Risc-V_onSteroids.sdk/design_1_wrapper_hw_platform_0/ps7_init.tcl
targets -set -nocase -filter {name =~"APU*" && jtag_cable_name =~ "Digilent Cora Z7 - 7007S 210370A92DAEA"} -index 0
loadhw -hw D:/Programare/Digilent/Risc-V_onSteroids/Risc-V_onSteroids.sdk/design_1_wrapper_hw_platform_0/system.hdf -mem-ranges [list {0x40000000 0xbfffffff}]
configparams force-mem-access 1
targets -set -nocase -filter {name =~"APU*" && jtag_cable_name =~ "Digilent Cora Z7 - 7007S 210370A92DAEA"} -index 0
stop
ps7_init
ps7_post_config
targets -set -nocase -filter {name =~ "ARM*#0" && jtag_cable_name =~ "Digilent Cora Z7 - 7007S 210370A92DAEA"} -index 0
rst -processor
targets -set -nocase -filter {name =~ "ARM*#0" && jtag_cable_name =~ "Digilent Cora Z7 - 7007S 210370A92DAEA"} -index 0
dow D:/Programare/Digilent/Risc-V_onSteroids/Risc-V_onSteroids.sdk/riscV_loder/Release/riscV_loder.elf
configparams force-mem-access 0
----------------End of Script----------------

11:58:01 INFO  : Memory regions updated for context APU
11:58:02 INFO  : Context for processor 'ps7_cortexa9_0' is selected.
11:58:02 INFO  : 'con' command is executed.
11:58:02 INFO  : ----------------XSDB Script (After Launch)----------------
targets -set -nocase -filter {name =~ "ARM*#0" && jtag_cable_name =~ "Digilent Cora Z7 - 7007S 210370A92DAEA"} -index 0
con
----------------End of Script----------------

11:58:02 INFO  : Launch script is exported to file 'D:\Programare\Digilent\Risc-V_onSteroids\Risc-V_onSteroids.sdk\.sdk\launch_scripts\xilinx_c-c++_application_(system_debugger)\system_debugger_using_release_riscv_loder.elf_on_local.tcl'
12:01:08 INFO  : Invoking Bootgen: bootgen -image first_stage_bootloader.bif -arch zynq -o D:\Programare\Digilent\Risc-V_onSteroids\Risc-V_onSteroids.sdk\first_stage_bootloader\bootimage\BOOT.bin
12:01:08 INFO  : Creating new bif file D:\Programare\Digilent\Risc-V_onSteroids\Risc-V_onSteroids.sdk\first_stage_bootloader\bootimage\first_stage_bootloader.bif
12:01:10 INFO  : Bootgen command execution is done.
12:04:12 INFO  : Invoking Bootgen: bootgen -image output.bif -arch zynq -o D:\Programare\Digilent\Risc-V_onSteroids\BOOT.bin
12:04:12 INFO  : Creating new bif file D:\Programare\Digilent\Risc-V_onSteroids\output.bif
12:04:13 INFO  : Bootgen command execution is done.
12:07:18 INFO  : Disconnected from the channel tcfchan#2.
16:47:16 INFO  : Launching XSCT server: xsct.bat -interactive D:\Altele\Digilent\Workspace\Risc-V_onSteroids\Risc-V_onSteroids.sdk\temp_xsdb_launch_script.tcl
16:47:18 INFO  : XSCT server has started successfully.
16:47:18 INFO  : Successfully done setting XSCT server connection channel  
16:47:18 INFO  : Successfully done setting SDK workspace  
16:47:23 INFO  : Registering command handlers for SDK TCF services
16:47:23 INFO  : Processing command line option -hwspec D:/Altele/Digilent/Workspace/Risc-V_onSteroids/Risc-V_onSteroids.sdk/design_1_wrapper.hdf.
16:48:23 INFO  : Connected to target on host '127.0.0.1' and port '3121'.
16:48:25 INFO  : 'targets -set -filter {jtag_cable_name =~ "Digilent Cora Z7 - 7007S 210370A92DAEA" && level==0} -index 1' command is executed.
16:48:26 INFO  : FPGA configured successfully with bitstream "D:/Altele/Digilent/Workspace/Risc-V_onSteroids/Risc-V_onSteroids.sdk/design_1_wrapper_hw_platform_0/design_1_wrapper.bit"
16:48:40 INFO  : 'targets -set -filter {jtag_cable_name =~ "Digilent Cora Z7 - 7007S 210370A92DAEA" && level==0} -index 1' command is executed.
16:48:40 INFO  : 'fpga -state' command is executed.
16:48:40 INFO  : Connected to target on host '127.0.0.1' and port '3121'.
16:48:41 INFO  : Jtag cable 'Digilent Cora Z7 - 7007S 210370A92DAEA' is selected.
16:48:41 INFO  : 'jtag frequency' command is executed.
16:48:41 INFO  : Sourcing of 'D:/Altele/Digilent/Workspace/Risc-V_onSteroids/Risc-V_onSteroids.sdk/design_1_wrapper_hw_platform_0/ps7_init.tcl' is done.
16:48:41 INFO  : Context for 'APU' is selected.
16:48:41 INFO  : Hardware design information is loaded from 'D:/Altele/Digilent/Workspace/Risc-V_onSteroids/Risc-V_onSteroids.sdk/design_1_wrapper_hw_platform_0/system.hdf'.
16:48:41 INFO  : 'configparams force-mem-access 1' command is executed.
16:48:41 INFO  : Context for 'APU' is selected.
16:48:41 INFO  : 'stop' command is executed.
16:48:41 INFO  : 'ps7_init' command is executed.
16:48:41 INFO  : 'ps7_post_config' command is executed.
16:48:41 INFO  : Context for processor 'ps7_cortexa9_0' is selected.
16:48:41 INFO  : Processor reset is completed for 'ps7_cortexa9_0'.
16:48:41 INFO  : Context for processor 'ps7_cortexa9_0' is selected.
16:48:42 INFO  : The application 'D:/Altele/Digilent/Workspace/Risc-V_onSteroids/Risc-V_onSteroids.sdk/riscV_loder/Release/riscV_loder.elf' is downloaded to processor 'ps7_cortexa9_0'.
16:48:42 INFO  : 'configparams force-mem-access 0' command is executed.
16:48:42 INFO  : ----------------XSDB Script----------------
connect -url tcp:127.0.0.1:3121
source D:/Altele/Digilent/Workspace/Risc-V_onSteroids/Risc-V_onSteroids.sdk/design_1_wrapper_hw_platform_0/ps7_init.tcl
targets -set -nocase -filter {name =~"APU*" && jtag_cable_name =~ "Digilent Cora Z7 - 7007S 210370A92DAEA"} -index 0
loadhw -hw D:/Altele/Digilent/Workspace/Risc-V_onSteroids/Risc-V_onSteroids.sdk/design_1_wrapper_hw_platform_0/system.hdf -mem-ranges [list {0x40000000 0xbfffffff}]
configparams force-mem-access 1
targets -set -nocase -filter {name =~"APU*" && jtag_cable_name =~ "Digilent Cora Z7 - 7007S 210370A92DAEA"} -index 0
stop
ps7_init
ps7_post_config
targets -set -nocase -filter {name =~ "ARM*#0" && jtag_cable_name =~ "Digilent Cora Z7 - 7007S 210370A92DAEA"} -index 0
rst -processor
targets -set -nocase -filter {name =~ "ARM*#0" && jtag_cable_name =~ "Digilent Cora Z7 - 7007S 210370A92DAEA"} -index 0
dow D:/Altele/Digilent/Workspace/Risc-V_onSteroids/Risc-V_onSteroids.sdk/riscV_loder/Release/riscV_loder.elf
configparams force-mem-access 0
----------------End of Script----------------

16:48:42 INFO  : Memory regions updated for context APU
16:48:42 INFO  : Context for processor 'ps7_cortexa9_0' is selected.
16:48:42 INFO  : 'con' command is executed.
16:48:42 INFO  : ----------------XSDB Script (After Launch)----------------
targets -set -nocase -filter {name =~ "ARM*#0" && jtag_cable_name =~ "Digilent Cora Z7 - 7007S 210370A92DAEA"} -index 0
con
----------------End of Script----------------

16:48:42 INFO  : Launch script is exported to file 'D:\Altele\Digilent\Workspace\Risc-V_onSteroids\Risc-V_onSteroids.sdk\.sdk\launch_scripts\xilinx_c-c++_application_(system_debugger)\system_debugger_using_release_riscv_loder.elf_on_local.tcl'
17:03:41 INFO  : Disconnected from the channel tcfchan#1.
